<?xml version="1.0" encoding="UTF-8"?>
<!-- Generated by org.testng.reporters.JUnitXMLReporter -->
<testsuite ignored="0" hostname="jithu" failures="0" tests="5" name="Default test" time="11.773" errors="0" timestamp="2026-03-24T20:26:23 IST">
  <testcase classname="TestPages.LoginTestPage" name="verifyInvallidLogin" time="0.783"/>
  <testcase classname="TestPages.LoginTestPage" name="verifyInvallidLogin" time="0.549"/>
  <testcase classname="TestPages.LoginTestPage" name="verifyInvallidLogin" time="0.535"/>
  <testcase classname="TestPages.LoginTestPage" name="verifyInvallidLogin" time="0.434"/>
  <testcase classname="TestPages.LoginTestPage" name="verifyValidLogin" time="1.48"/>
</testsuite> <!-- Default test -->
