<?xml version="1.0" encoding="UTF-8"?>
<!-- Generated by org.testng.reporters.JUnitXMLReporter -->
<testsuite ignored="0" hostname="jithu" failures="0" tests="6" name="Practice and Login Tests" time="33.684" errors="0" timestamp="2026-04-01T12:14:21 IST">
  <testcase classname="TestPages.PracticeTestPage" name="clickOnLoginTestPage" time="0.898"/>
  <testcase classname="TestPages.LoginTestPage" name="verifyInvallidLogin" time="1.094"/>
  <testcase classname="TestPages.LoginTestPage" name="verifyInvallidLogin" time="0.662"/>
  <testcase classname="TestPages.LoginTestPage" name="verifyInvallidLogin" time="1.151"/>
  <testcase classname="TestPages.LoginTestPage" name="verifyInvallidLogin" time="1.068"/>
  <testcase classname="TestPages.LoginTestPage" name="verifyValidLogin" time="1.588"/>
</testsuite> <!-- Practice and Login Tests -->
