<?xml version="1.0" encoding="UTF-8"?>
<!-- Generated by org.testng.reporters.JUnitXMLReporter -->
<testsuite ignored="0" hostname="jithu" failures="0" tests="6" name="Practice and Login Tests" time="31.275" errors="0" timestamp="2026-04-01T12:16:52 IST">
  <testcase classname="TestPages.PracticeTestPage" name="clickOnLoginTestPage" time="1.14"/>
  <testcase classname="TestPages.LoginTestPage" name="verifyInvallidLogin" time="1.813"/>
  <testcase classname="TestPages.LoginTestPage" name="verifyInvallidLogin" time="0.606"/>
  <testcase classname="TestPages.LoginTestPage" name="verifyInvallidLogin" time="0.646"/>
  <testcase classname="TestPages.LoginTestPage" name="verifyInvallidLogin" time="1.087"/>
  <testcase classname="TestPages.LoginTestPage" name="verifyValidLogin" time="1.598"/>
</testsuite> <!-- Practice and Login Tests -->
