<?xml version="1.0" encoding="UTF-8"?>
<testng-results ignored="1" total="2" passed="1" failed="0" skipped="0">
  <reporter-output>
  </reporter-output>
  <suite started-at="2026-03-30T12:35:46 IST" name="Automation Test" finished-at="2026-03-30T12:35:59 IST" duration-ms="12743">
    <groups>
    </groups>
    <test started-at="2026-03-30T12:35:46 IST" name="Automation test" finished-at="2026-03-30T12:35:59 IST" duration-ms="12743">
      <class name="TestPages.LoginTestPage">
        <test-method is-config="true" signature="setup()[pri:0, instance:TestPages.LoginTestPage@52bf72b5]" started-at="2026-03-30T12:35:46 IST" name="setup" finished-at="2026-03-30T12:35:57 IST" duration-ms="10409" status="PASS">
          <reporter-output>
          </reporter-output>
        </test-method> <!-- setup -->
        <test-method signature="verifyValidLogin(java.lang.String,java.lang.String)[pri:0, instance:TestPages.LoginTestPage@52bf72b5]" started-at="2026-03-30T12:35:57 IST" name="verifyValidLogin" data-provider="ValidLOginData" finished-at="2026-03-30T12:35:59 IST" duration-ms="1812" status="PASS">
          <params>
            <param index="0">
              <value>
                <![CDATA[student]]>
              </value>
            </param>
            <param index="1">
              <value>
                <![CDATA[Password123]]>
              </value>
            </param>
          </params>
          <reporter-output>
          </reporter-output>
        </test-method> <!-- verifyValidLogin -->
        <test-method is-config="true" signature="teardown()[pri:0, instance:TestPages.LoginTestPage@52bf72b5]" started-at="2026-03-30T12:35:59 IST" name="teardown" finished-at="2026-03-30T12:35:59 IST" duration-ms="417" status="PASS">
          <reporter-output>
          </reporter-output>
        </test-method> <!-- teardown -->
      </class> <!-- TestPages.LoginTestPage -->
    </test> <!-- Automation test -->
  </suite> <!-- Automation Test -->
</testng-results>
