<?xml version="1.0" encoding="UTF-8"?>
<testng-results ignored="0" total="6" passed="5" failed="1" skipped="0">
  <reporter-output>
  </reporter-output>
  <suite started-at="2026-03-29T06:46:40 IST" name="Automation Test" finished-at="2026-03-29T06:47:09 IST" duration-ms="29739">
    <groups>
    </groups>
    <test started-at="2026-03-29T06:46:40 IST" name="Automaion test" finished-at="2026-03-29T06:47:09 IST" duration-ms="29739">
      <class name="TestPages.LoginTestPage">
        <test-method is-config="true" signature="setup()[pri:0, instance:TestPages.LoginTestPage@37ceb1df]" started-at="2026-03-29T06:46:40 IST" name="setup" finished-at="2026-03-29T06:46:47 IST" duration-ms="6778" status="PASS">
          <reporter-output>
          </reporter-output>
        </test-method> <!-- setup -->
        <test-method signature="verifyInvallidLogin(java.lang.String,java.lang.String)[pri:0, instance:TestPages.LoginTestPage@37ceb1df]" started-at="2026-03-29T06:46:47 IST" name="verifyInvallidLogin" data-provider="Invalidlogindata" finished-at="2026-03-29T06:46:48 IST" duration-ms="1130" status="PASS">
          <params>
            <param index="0">
              <value>
                <![CDATA[wrongcred]]>
              </value>
            </param>
            <param index="1">
              <value>
                <![CDATA[Password123]]>
              </value>
            </param>
          </params>
          <reporter-output>
          </reporter-output>
        </test-method> <!-- verifyInvallidLogin -->
        <test-method is-config="true" signature="setup()[pri:0, instance:TestPages.LoginTestPage@37ceb1df]" started-at="2026-03-29T06:46:48 IST" name="setup" finished-at="2026-03-29T06:46:53 IST" duration-ms="4858" status="PASS">
          <reporter-output>
          </reporter-output>
        </test-method> <!-- setup -->
        <test-method is-config="true" signature="teardown()[pri:0, instance:TestPages.LoginTestPage@37ceb1df]" started-at="2026-03-29T06:46:48 IST" name="teardown" finished-at="2026-03-29T06:46:48 IST" duration-ms="420" status="PASS">
          <reporter-output>
          </reporter-output>
        </test-method> <!-- teardown -->
        <test-method is-config="true" signature="setup()[pri:0, instance:TestPages.LoginTestPage@37ceb1df]" started-at="2026-03-29T06:46:48 IST" name="setup" finished-at="2026-03-29T06:46:53 IST" duration-ms="4697" status="PASS">
          <reporter-output>
          </reporter-output>
        </test-method> <!-- setup -->
        <test-method signature="verifyValidLogin(java.lang.String,java.lang.String)[pri:0, instance:TestPages.LoginTestPage@37ceb1df]" started-at="2026-03-29T06:46:53 IST" name="verifyValidLogin" data-provider="ValidLOginData" finished-at="2026-03-29T06:46:59 IST" duration-ms="6348" status="FAIL">
          <params>
            <param index="0">
              <value>
                <![CDATA[student]]>
              </value>
            </param>
            <param index="1">
              <value>
                <![CDATA[Password123]]>
              </value>
            </param>
          </params>
          <exception class="org.openqa.selenium.TimeoutException">
            <message>
              <![CDATA[Expected condition failed: waiting for visibility of element found by By.xpath: //div//h1[contains (text(),'Logged In Successfully')], but... org.openqa.selenium.NoSuchElementException: no such element: Unable to locate element: {"method":"xpath","selector":"//div//h1[contains (text(),'Logged In Successfully')]"}.
(tried for 5 seconds with 500 milliseconds interval)
Build info: version: '4.40.0', revision: 'b3333f1'
System info: os.name: 'Windows 11', os.arch: 'amd64', os.version: '10.0', java.version: '17.0.6'
Driver info: org.openqa.selenium.chrome.ChromeDriver
Capabilities {acceptInsecureCerts: false, browserName: chrome, browserVersion: 146.0.7680.165, chrome: {chromedriverVersion: 146.0.7680.165 (4b989da09e1..., userDataDir: C:\Users\indra\AppData\Loca...}, fedcm:accounts: true, goog:chromeOptions: {debuggerAddress: localhost:56210}, goog:processID: 20652, networkConnectionEnabled: false, pageLoadStrategy: normal, platformName: windows, proxy: Proxy(), se:cdp: ws://localhost:56210/devtoo..., se:cdpVersion: 146.0.7680.165, setWindowRect: true, strictFileInteractability: false, timeouts: {implicit: 0, pageLoad: 300000, script: 30000}, unhandledPromptBehavior: dismiss and notify, webauthn:extension:credBlob: true, webauthn:extension:largeBlob: true, webauthn:extension:minPinLength: true, webauthn:extension:prf: true, webauthn:virtualAuthenticators: true}
Session ID: 88a80ac2fed428feec4834c136938447]]>
            </message>
            <full-stacktrace>
              <![CDATA[org.openqa.selenium.TimeoutException: Expected condition failed: waiting for visibility of element found by By.xpath: //div//h1[contains (text(),'Logged In Successfully')], but... org.openqa.selenium.NoSuchElementException: no such element: Unable to locate element: {"method":"xpath","selector":"//div//h1[contains (text(),'Logged In Successfully')]"}.
(tried for 5 seconds with 500 milliseconds interval)
Build info: version: '4.40.0', revision: 'b3333f1'
System info: os.name: 'Windows 11', os.arch: 'amd64', os.version: '10.0', java.version: '17.0.6'
Driver info: org.openqa.selenium.chrome.ChromeDriver
Capabilities {acceptInsecureCerts: false, browserName: chrome, browserVersion: 146.0.7680.165, chrome: {chromedriverVersion: 146.0.7680.165 (4b989da09e1..., userDataDir: C:\Users\indra\AppData\Loca...}, fedcm:accounts: true, goog:chromeOptions: {debuggerAddress: localhost:56210}, goog:processID: 20652, networkConnectionEnabled: false, pageLoadStrategy: normal, platformName: windows, proxy: Proxy(), se:cdp: ws://localhost:56210/devtoo..., se:cdpVersion: 146.0.7680.165, setWindowRect: true, strictFileInteractability: false, timeouts: {implicit: 0, pageLoad: 300000, script: 30000}, unhandledPromptBehavior: dismiss and notify, webauthn:extension:credBlob: true, webauthn:extension:largeBlob: true, webauthn:extension:minPinLength: true, webauthn:extension:prf: true, webauthn:virtualAuthenticators: true}
Session ID: 88a80ac2fed428feec4834c136938447
at org.openqa.selenium.support.ui.WebDriverWait.timeoutException(WebDriverWait.java:84)
at org.openqa.selenium.support.ui.FluentWait.until(FluentWait.java:231)
at Pages.loginPage.VisibilityLoginSuccefull(loginPage.java:40)
at TestPages.LoginTestPage.verifyValidLogin(LoginTestPage.java:48)
at java.base/jdk.internal.reflect.NativeMethodAccessorImpl.invoke0(Native Method)
at java.base/jdk.internal.reflect.NativeMethodAccessorImpl.invoke(NativeMethodAccessorImpl.java:77)
at java.base/jdk.internal.reflect.DelegatingMethodAccessorImpl.invoke(DelegatingMethodAccessorImpl.java:43)
at java.base/java.lang.reflect.Method.invoke(Method.java:568)
at org.testng.internal.invokers.MethodInvocationHelper.invokeMethod(MethodInvocationHelper.java:141)
at org.testng.internal.invokers.TestInvoker.invokeMethod(TestInvoker.java:697)
at org.testng.internal.invokers.TestInvoker.invokeTestMethod(TestInvoker.java:230)
at org.testng.internal.invokers.MethodRunner.runInSequence(MethodRunner.java:63)
at org.testng.internal.invokers.TestInvoker$MethodInvocationAgent.invoke(TestInvoker.java:1005)
at org.testng.internal.invokers.TestInvoker.invokeTestMethods(TestInvoker.java:203)
at org.testng.internal.invokers.TestMethodWorker.invokeTestMethods(TestMethodWorker.java:154)
at org.testng.internal.invokers.TestMethodWorker.run(TestMethodWorker.java:134)
at java.base/java.util.concurrent.Executors$RunnableAdapter.call(Executors.java:539)
at java.base/java.util.concurrent.FutureTask.run(FutureTask.java:264)
at org.testng.internal.thread.graph.TestNGFutureTask.run(TestNGFutureTask.java:22)
at java.base/java.util.concurrent.ThreadPoolExecutor.runWorker(ThreadPoolExecutor.java:1136)
at java.base/java.util.concurrent.ThreadPoolExecutor$Worker.run(ThreadPoolExecutor.java:635)
at java.base/java.lang.Thread.run(Thread.java:833)
]]>
            </full-stacktrace>
          </exception> <!-- org.openqa.selenium.TimeoutException -->
          <reporter-output>
          </reporter-output>
        </test-method> <!-- verifyValidLogin -->
        <test-method signature="verifyInvallidLogin(java.lang.String,java.lang.String)[pri:0, instance:TestPages.LoginTestPage@37ceb1df]" started-at="2026-03-29T06:46:53 IST" name="verifyInvallidLogin" data-provider="Invalidlogindata" finished-at="2026-03-29T06:46:59 IST" duration-ms="6159" status="PASS">
          <params>
            <param index="0">
              <value>
                <![CDATA[student]]>
              </value>
            </param>
            <param index="1">
              <value>
                <![CDATA[wrongpasscred]]>
              </value>
            </param>
          </params>
          <reporter-output>
          </reporter-output>
        </test-method> <!-- verifyInvallidLogin -->
        <test-method is-config="true" signature="teardown()[pri:0, instance:TestPages.LoginTestPage@37ceb1df]" started-at="2026-03-29T06:46:59 IST" name="teardown" finished-at="2026-03-29T06:46:59 IST" duration-ms="500" status="PASS">
          <reporter-output>
          </reporter-output>
        </test-method> <!-- teardown -->
        <test-method is-config="true" signature="teardown()[pri:0, instance:TestPages.LoginTestPage@37ceb1df]" started-at="2026-03-29T06:46:59 IST" name="teardown" finished-at="2026-03-29T06:47:00 IST" duration-ms="456" status="PASS">
          <reporter-output>
          </reporter-output>
        </test-method> <!-- teardown -->
        <test-method is-config="true" signature="setup()[pri:0, instance:TestPages.LoginTestPage@37ceb1df]" started-at="2026-03-29T06:47:00 IST" name="setup" finished-at="2026-03-29T06:47:04 IST" duration-ms="4130" status="PASS">
          <reporter-output>
          </reporter-output>
        </test-method> <!-- setup -->
        <test-method signature="verifyInvallidLogin(java.lang.String,java.lang.String)[pri:0, instance:TestPages.LoginTestPage@37ceb1df]" started-at="2026-03-29T06:47:04 IST" name="verifyInvallidLogin" data-provider="Invalidlogindata" finished-at="2026-03-29T06:47:04 IST" duration-ms="615" status="PASS">
          <params>
            <param index="0">
              <value>
                <![CDATA[wronguser]]>
              </value>
            </param>
            <param index="1">
              <value>
                <![CDATA[Password123]]>
              </value>
            </param>
          </params>
          <reporter-output>
          </reporter-output>
        </test-method> <!-- verifyInvallidLogin -->
        <test-method is-config="true" signature="teardown()[pri:0, instance:TestPages.LoginTestPage@37ceb1df]" started-at="2026-03-29T06:47:04 IST" name="teardown" finished-at="2026-03-29T06:47:05 IST" duration-ms="283" status="PASS">
          <reporter-output>
          </reporter-output>
        </test-method> <!-- teardown -->
        <test-method is-config="true" signature="setup()[pri:0, instance:TestPages.LoginTestPage@37ceb1df]" started-at="2026-03-29T06:47:05 IST" name="setup" finished-at="2026-03-29T06:47:09 IST" duration-ms="4032" status="PASS">
          <reporter-output>
          </reporter-output>
        </test-method> <!-- setup -->
        <test-method signature="verifyInvallidLogin(java.lang.String,java.lang.String)[pri:0, instance:TestPages.LoginTestPage@37ceb1df]" started-at="2026-03-29T06:47:09 IST" name="verifyInvallidLogin" data-provider="Invalidlogindata" finished-at="2026-03-29T06:47:09 IST" duration-ms="604" status="PASS">
          <params>
            <param index="0">
              <value>
                <![CDATA[]]>
              </value>
            </param>
            <param index="1">
              <value>
                <![CDATA[]]>
              </value>
            </param>
          </params>
          <reporter-output>
          </reporter-output>
        </test-method> <!-- verifyInvallidLogin -->
        <test-method is-config="true" signature="teardown()[pri:0, instance:TestPages.LoginTestPage@37ceb1df]" started-at="2026-03-29T06:47:09 IST" name="teardown" finished-at="2026-03-29T06:47:09 IST" duration-ms="295" status="PASS">
          <reporter-output>
          </reporter-output>
        </test-method> <!-- teardown -->
      </class> <!-- TestPages.LoginTestPage -->
      <class name="TestPages.PracticeTestPage">
        <test-method is-config="true" signature="setUp()[pri:0, instance:TestPages.PracticeTestPage@131ef10]" started-at="2026-03-29T06:46:40 IST" name="setUp" finished-at="2026-03-29T06:46:46 IST" duration-ms="6235" status="PASS">
          <reporter-output>
          </reporter-output>
        </test-method> <!-- setUp -->
        <test-method signature="clickOnLoginTestPage()[pri:0, instance:TestPages.PracticeTestPage@131ef10]" started-at="2026-03-29T06:46:46 IST" name="clickOnLoginTestPage" finished-at="2026-03-29T06:46:47 IST" duration-ms="948" status="PASS">
          <reporter-output>
          </reporter-output>
        </test-method> <!-- clickOnLoginTestPage -->
        <test-method is-config="true" signature="quit()[pri:0, instance:TestPages.PracticeTestPage@131ef10]" started-at="2026-03-29T06:46:47 IST" name="quit" finished-at="2026-03-29T06:46:48 IST" duration-ms="690" status="PASS">
          <reporter-output>
          </reporter-output>
        </test-method> <!-- quit -->
      </class> <!-- TestPages.PracticeTestPage -->
    </test> <!-- Automaion test -->
  </suite> <!-- Automation Test -->
</testng-results>
