<?xml version="1.0" encoding="UTF-8"?>
<!-- Generated by org.testng.reporters.JUnitReportReporter -->
<testsuite hostname="jithu" failures="0" tests="5" name="TestPages.LoginTestPage" time="6.451" errors="0" timestamp="2026-03-24T19:13:23 IST" skipped="0">
  <testcase classname="TestPages.LoginTestPage" name="verifyInvallidLogin" time="1.505"/>
  <testcase classname="TestPages.LoginTestPage" name="verifyInvallidLogin" time="0.967"/>
  <testcase classname="TestPages.LoginTestPage" name="verifyInvallidLogin" time="0.698"/>
  <testcase classname="TestPages.LoginTestPage" name="verifyInvallidLogin" time="0.925"/>
  <testcase classname="TestPages.LoginTestPage" name="verifyValidLogin" time="2.356"/>
</testsuite> <!-- TestPages.LoginTestPage -->
