<?xml version="1.0" encoding="UTF-8"?>
<!-- Generated by org.testng.reporters.JUnitReportReporter -->
<testsuite hostname="jithu" failures="0" tests="5" name="TestPages.LoginTestPage" time="31.144" errors="0" timestamp="2026-04-01T12:16:52 IST" skipped="0">
  <testcase classname="TestPages.LoginTestPage" name="verifyValidLogin" time="6.341"/>
  <testcase classname="TestPages.LoginTestPage" name="verifyInvallidLogin" time="4.959"/>
  <testcase classname="TestPages.LoginTestPage" name="verifyInvallidLogin" time="6.047"/>
  <testcase classname="TestPages.LoginTestPage" name="verifyInvallidLogin" time="5.328"/>
  <testcase classname="TestPages.LoginTestPage" name="verifyInvallidLogin" time="8.469"/>
</testsuite> <!-- TestPages.LoginTestPage -->
