<?xml version="1.0" encoding="UTF-8"?>
<!-- Generated by org.testng.reporters.JUnitXMLReporter -->
<testsuite ignored="1" hostname="jithu" failures="0" tests="1" name="Automation test" time="12.743" errors="0" timestamp="2026-03-30T12:35:59 IST">
  <testcase classname="TestPages.LoginTestPage" name="verifyValidLogin" time="1.812"/>
  <testcase classname="TestPages.LoginTestPage" name="verifyInvallidLogin" time="0.0">
    <ignored/>
  </testcase> <!-- verifyInvallidLogin -->
</testsuite> <!-- Automation test -->
